Base path: D:/Unity/Editor/Data
Pipe name: \\.\pipe\UnityShaderCompiler-8-5040
Cmd: getPlatforms
Cmd: compileSnippet
  api=0 type=0 insize=1788 outsize=660 kw= ok=1
Cmd: compileSnippet
  api=8 type=1 insize=1788 outsize=2064 kw= ok=1
Cmd: compileSnippet
  api=8 type=1 insize=2219 outsize=2584 kw= ok=1
Cmd: compileSnippet
  api=1 type=0 insize=924 outsize=158 kw= ok=1
Cmd: compileSnippet
  api=1 type=0 insize=2137 outsize=425 kw= ok=1
Cmd: compileSnippet
  api=1 type=1 insize=1252 outsize=246 kw= ok=1
Cmd: compileSnippet
  api=0 type=1 insize=1584 outsize=545 kw= ok=1
Cmd: compileSnippet
  api=0 type=1 insize=2284 outsize=829 kw= ok=1
Cmd: compileSnippet
  api=1 type=0 insize=882 outsize=158 kw= ok=1
Cmd: compileSnippet
  api=8 type=1 insize=882 outsize=1048 kw= ok=1
Cmd: compileSnippet
  api=8 type=0 insize=1051 outsize=1690 kw= ok=1
Cmd: compileSnippet
  api=1 type=1 insize=1917 outsize=596 kw= ok=1
Cmd: compileSnippet
  api=8 type=0 insize=969 outsize=1690 kw= ok=1
Unhandled exception: Readfile from pipe failed. GLE=The pipe has been ended.


Quitting shader compiler process
