Base path: D:/Unity/Editor/Data
Pipe name: \\.\pipe\UnityShaderCompiler-4-6864
Cmd: getPlatforms
Cmd: compileSnippet
  api=1 type=1 insize=2116 outsize=527 kw= ok=1
Cmd: compileSnippet
  api=0 type=1 insize=1788 outsize=505 kw= ok=1
Cmd: compileSnippet
  api=0 type=1 insize=2219 outsize=568 kw= ok=1
Cmd: compileSnippet
  api=0 type=0 insize=970 outsize=360 kw= ok=1
Cmd: compileSnippet
  api=8 type=0 insize=924 outsize=1690 kw= ok=1
Cmd: compileSnippet
  api=8 type=0 insize=2137 outsize=2958 kw= ok=1
Cmd: compileSnippet
  api=8 type=1 insize=2137 outsize=2592 kw= ok=1
Cmd: compileSnippet
  api=0 type=0 insize=1584 outsize=441 kw= ok=1
Cmd: compileSnippet
  api=0 type=1 insize=1193 outsize=374 kw= ok=1
Cmd: compileSnippet
  api=0 type=1 insize=1917 outsize=709 kw= ok=1
Cmd: compileSnippet
  api=8 type=1 insize=969 outsize=1048 kw= ok=1
Unhandled exception: Readfile from pipe failed. GLE=The pipe has been ended.


Quitting shader compiler process
